2018-06-04 02:02:23,321 WARN  [SoapUI] Missing folder [C:\Users\Mr\Desktop\.\ext] for external libraries
2018-06-04 02:02:23,322 INFO  [DefaultSoapUICore] Creating new settings at [C:\Users\Mr\soapui-settings.xml]
2018-06-04 02:02:24,216 INFO  [SchemaUtils] Added default schema from file:/C:/Program%20Files%20(x86)/TRICENTIS/Tosca%20Testsuite/WSE.jar!/com/eviware/soapui/resources/xsds/xop.xsd with targetNamespace http://www.w3.org/2004/08/xop/include
2018-06-04 02:02:24,245 INFO  [SchemaUtils] Added default schema from file:/C:/Program%20Files%20(x86)/TRICENTIS/Tosca%20Testsuite/WSE.jar!/com/eviware/soapui/resources/xsds/XMLSchema.xsd with targetNamespace http://www.w3.org/2001/XMLSchema
2018-06-04 02:02:24,247 INFO  [SchemaUtils] Added default schema from file:/C:/Program%20Files%20(x86)/TRICENTIS/Tosca%20Testsuite/WSE.jar!/com/eviware/soapui/resources/xsds/xml.xsd with targetNamespace http://www.w3.org/XML/1998/namespace
2018-06-04 02:02:24,248 INFO  [SchemaUtils] Added default schema from file:/C:/Program%20Files%20(x86)/TRICENTIS/Tosca%20Testsuite/WSE.jar!/com/eviware/soapui/resources/xsds/swaref.xsd with targetNamespace http://ws-i.org/profiles/basic/1.1/xsd
2018-06-04 02:02:24,248 INFO  [SchemaUtils] Added default schema from file:/C:/Program%20Files%20(x86)/TRICENTIS/Tosca%20Testsuite/WSE.jar!/com/eviware/soapui/resources/xsds/xmime200505.xsd with targetNamespace http://www.w3.org/2005/05/xmlmime
2018-06-04 02:02:24,249 INFO  [SchemaUtils] Added default schema from file:/C:/Program%20Files%20(x86)/TRICENTIS/Tosca%20Testsuite/WSE.jar!/com/eviware/soapui/resources/xsds/xmime200411.xsd with targetNamespace http://www.w3.org/2004/11/xmlmime
2018-06-04 02:02:24,250 INFO  [SchemaUtils] Added default schema from file:/C:/Program%20Files%20(x86)/TRICENTIS/Tosca%20Testsuite/WSE.jar!/com/eviware/soapui/resources/xsds/soapEnvelope.xsd with targetNamespace http://schemas.xmlsoap.org/soap/envelope/
2018-06-04 02:02:24,253 INFO  [SchemaUtils] Added default schema from file:/C:/Program%20Files%20(x86)/TRICENTIS/Tosca%20Testsuite/WSE.jar!/com/eviware/soapui/resources/xsds/soapEncoding.xsd with targetNamespace http://schemas.xmlsoap.org/soap/encoding/
2018-06-04 02:02:24,254 INFO  [SchemaUtils] Added default schema from file:/C:/Program%20Files%20(x86)/TRICENTIS/Tosca%20Testsuite/WSE.jar!/com/eviware/soapui/resources/xsds/soapEnvelope12.xsd with targetNamespace http://www.w3.org/2003/05/soap-envelope
2018-06-04 02:02:24,257 INFO  [SchemaUtils] Added default schema from file:/C:/Program%20Files%20(x86)/TRICENTIS/Tosca%20Testsuite/WSE.jar!/com/eviware/soapui/resources/xsds/soapEncoding12.xsd with targetNamespace http://www.w3.org/2003/05/soap-encoding
2018-06-04 02:02:25,677 INFO  [SchemaUtils] Loading schema types from [http://demowebshop.tricentis.com/Plugins/Misc.WebServices/Remote/NopService.svc?wsdl]
2018-06-04 02:02:25,677 INFO  [SchemaUtils] Getting schema http://demowebshop.tricentis.com/Plugins/Misc.WebServices/Remote/NopService.svc?wsdl
2018-06-04 02:02:25,680 INFO  [SchemaUtils] Getting schema http://demowebshop.tricentis.com/Plugins/Misc.WebServices/Remote/NopService.svc?xsd=xsd0
2018-06-04 02:02:25,681 INFO  [SchemaUtils] Getting schema http://demowebshop.tricentis.com/Plugins/Misc.WebServices/Remote/NopService.svc?xsd=xsd3
2018-06-04 02:02:25,682 INFO  [SchemaUtils] Getting schema http://demowebshop.tricentis.com/Plugins/Misc.WebServices/Remote/NopService.svc?xsd=xsd4
2018-06-04 02:02:25,682 INFO  [SchemaUtils] Getting schema http://demowebshop.tricentis.com/Plugins/Misc.WebServices/Remote/NopService.svc?xsd=xsd1
2018-06-04 02:02:25,682 INFO  [SchemaUtils] Getting schema http://demowebshop.tricentis.com/Plugins/Misc.WebServices/Remote/NopService.svc?xsd=xsd2
2018-06-04 02:02:25,815 INFO  [WsdlImporter] Finding importer for {http://tempuri.org/}BasicHttpBinding_INopService
2018-06-04 02:02:25,820 INFO  [WsdlImporter] Importing binding {http://tempuri.org/}BasicHttpBinding_INopService
2018-06-04 02:02:25,841 INFO  [Soap11HttpBindingImporter] importing endpoint http://demowebshop.tricentis.com/Plugins/Misc.WebServices/Remote/NopService.svc
2018-06-04 02:02:25,859 INFO  [Soap11HttpBindingImporter] importing operation AddOrderNote
2018-06-04 02:02:25,872 INFO  [Soap11HttpBindingImporter] importing operation DeleteOrders
2018-06-04 02:02:25,872 INFO  [Soap11HttpBindingImporter] importing operation ExecuteDataSet
2018-06-04 02:02:25,872 INFO  [Soap11HttpBindingImporter] importing operation ExecuteNonQuery
2018-06-04 02:02:25,873 INFO  [Soap11HttpBindingImporter] importing operation ExecuteScalar
2018-06-04 02:02:25,873 INFO  [Soap11HttpBindingImporter] importing operation GetPaymentMethod
2018-06-04 02:02:25,873 INFO  [Soap11HttpBindingImporter] importing operation SetOrderPaymentPaid
2018-06-04 02:02:25,873 INFO  [Soap11HttpBindingImporter] importing operation SetOrderPaymentPaidWithMethod
2018-06-04 02:02:25,873 INFO  [Soap11HttpBindingImporter] importing operation SetOrderPaymentPending
2018-06-04 02:02:25,873 INFO  [Soap11HttpBindingImporter] importing operation SetOrderPaymentRefund
2018-06-04 02:02:25,874 INFO  [Soap11HttpBindingImporter] importing operation SetOrdersStatusCanceled
2018-06-04 02:02:25,874 INFO  [Soap11HttpBindingImporter] importing operation UpdateOrderBillingInfo
2018-06-04 02:02:25,874 INFO  [Soap11HttpBindingImporter] importing operation UpdateOrderShippingInfo
